<?xml version="1.0" encoding="UTF-8"?>
<!-- Generated by org.testng.reporters.JUnitReportReporter -->
<testsuite skipped="0" hostname="LAPTOP-4A09D7UF" name="com.sel.exercise.parameter" tests="1" failures="0" timestamp="2020-09-28T18:50:19 IST" time="0.007" errors="0">
  <testcase name="test1" time="0.007" classname="com.sel.exercise.parameter"/>
  <system-out/>
</testsuite> <!-- com.sel.exercise.parameter -->
