<?xml version="1.0" encoding="UTF-8"?>
<!-- Generated by org.testng.reporters.JUnitReportReporter -->
<testsuite skipped="0" hostname="LAPTOP-4A09D7UF" name="com.sel.exercise.itest" tests="4" failures="0" timestamp="2020-09-29T08:30:12 IST" time="0.010" errors="0">
  <testcase name="test1" time="0.006" classname="com.sel.exercise.itest"/>
  <system-out/>
  <testcase name="test1" time="0.001" classname="com.sel.exercise.itest"/>
  <system-out/>
  <testcase name="test2" time="0.002" classname="com.sel.exercise.itest"/>
  <system-out/>
  <testcase name="test2" time="0.001" classname="com.sel.exercise.itest"/>
  <system-out/>
</testsuite> <!-- com.sel.exercise.itest -->
