<?xml version="1.0" encoding="UTF-8"?>
<!-- Generated by org.testng.reporters.JUnitReportReporter -->
<testsuite skipped="0" hostname="LAPTOP-4A09D7UF" name="com.sel.exercise.exce" tests="12" failures="0" timestamp="2020-09-29T19:25:52 IST" time="25.283" errors="0">
  <testcase name="testing" time="0.059" classname="com.sel.exercise.exce"/>
  <system-out/>
  <testcase name="testing" time="3.106" classname="com.sel.exercise.exce"/>
  <system-out/>
  <testcase name="testing" time="3.265" classname="com.sel.exercise.exce"/>
  <system-out/>
  <testcase name="testing" time="2.030" classname="com.sel.exercise.exce"/>
  <system-out/>
  <testcase name="testing" time="2.170" classname="com.sel.exercise.exce"/>
  <system-out/>
  <testcase name="testing" time="3.070" classname="com.sel.exercise.exce"/>
  <system-out/>
  <testcase name="testing" time="4.719" classname="com.sel.exercise.exce"/>
  <system-out/>
  <testcase name="testing" time="1.848" classname="com.sel.exercise.exce"/>
  <system-out/>
  <testcase name="testing" time="0.060" classname="com.sel.exercise.exce"/>
  <system-out/>
  <testcase name="testing" time="2.246" classname="com.sel.exercise.exce"/>
  <system-out/>
  <testcase name="testing" time="2.660" classname="com.sel.exercise.exce"/>
  <system-out/>
  <testcase name="testing" time="0.050" classname="com.sel.exercise.exce"/>
  <system-out/>
</testsuite> <!-- com.sel.exercise.exce -->
