<?xml version="1.0" encoding="UTF-8"?>
<!-- Generated by org.testng.reporters.JUnitReportReporter -->
<testsuite skipped="0" hostname="LAPTOP-4A09D7UF" name="com.sel.exercise.testing2" tests="4" failures="0" timestamp="2020-09-30T19:19:44 IST" time="0.014" errors="0">
  <testcase name="testing1" time="0.001" classname="com.sel.exercise.testing2"/>
  <system-out/>
  <testcase name="testing1" time="0.009" classname="com.sel.exercise.testing2"/>
  <system-out/>
  <testcase name="testing1" time="0.002" classname="com.sel.exercise.testing2"/>
  <system-out/>
  <testcase name="testing1" time="0.002" classname="com.sel.exercise.testing2"/>
  <system-out/>
</testsuite> <!-- com.sel.exercise.testing2 -->
