<?xml version="1.0" encoding="UTF-8"?>
<!-- Generated by org.testng.reporters.JUnitReportReporter -->
<testsuite skipped="0" hostname="LAPTOP-4A09D7UF" name="com.sel.exercise.single" tests="4" failures="0" timestamp="2020-09-28T19:08:56 IST" time="0.012" errors="0">
  <testcase name="test2" time="0.001" classname="com.sel.exercise.single"/>
  <system-out/>
  <testcase name="test1" time="0.008" classname="com.sel.exercise.single"/>
  <system-out/>
  <testcase name="test1" time="0.001" classname="com.sel.exercise.single"/>
  <system-out/>
  <testcase name="test2" time="0.002" classname="com.sel.exercise.single"/>
  <system-out/>
</testsuite> <!-- com.sel.exercise.single -->
